This is pdfTeX, Version 3.14159265-2.6-1.40.19 (MiKTeX 2.9.6840 64-bit) (preloaded format=pdflatex 2018.10.19)  20 MAR 2019 18:24
entering extended mode
**c:/Users/40203/Desktop/dissertation2018-19/Dissertation-Template-LaTeX/Dissertation-Template/Dissertation.tex
(c:/Users/40203/Desktop/dissertation2018-19/Dissertation-Template-LaTeX/Dissertation-Template/Dissertation.tex
LaTeX2e <2018-04-01> patch level 5
("C:\Users\40203\AppData\Local\Programs\MiKTeX 2.9\tex\latex\base\article.cls"
Document Class: article 2014/09/29 v1.4h Standard LaTeX document class
("C:\Users\40203\AppData\Local\Programs\MiKTeX 2.9\tex\latex\base\size12.clo"
File: size12.clo 2014/09/29 v1.4h Standard LaTeX file (size option)
)
\c@part=\count80
\c@section=\count81
\c@subsection=\count82
\c@subsubsection=\count83
\c@paragraph=\count84
\c@subparagraph=\count85
\c@figure=\count86
\c@table=\count87
\abovecaptionskip=\skip41
\belowcaptionskip=\skip42
\bibindent=\dimen102
) ("C:\Users\40203\AppData\Local\Programs\MiKTeX 2.9\tex\latex\titlesec\titlesec.sty"
Package: titlesec 2016/03/21 v2.10.2 Sectioning titles
\ttl@box=\box26
\beforetitleunit=\skip43
\aftertitleunit=\skip44
\ttl@plus=\dimen103
\ttl@minus=\dimen104
\ttl@toksa=\toks14
\titlewidth=\dimen105
\titlewidthlast=\dimen106
\titlewidthfirst=\dimen107
) ("C:\Users\40203\AppData\Local\Programs\MiKTeX 2.9\tex\latex\fancyhdr\fancyhdr.sty"
Package: fancyhdr 2017/06/30 v3.9a Extensive control of page headers and footers
\f@nch@headwidth=\skip45
\f@nch@O@elh=\skip46
\f@nch@O@erh=\skip47
\f@nch@O@olh=\skip48
\f@nch@O@orh=\skip49
\f@nch@O@elf=\skip50
\f@nch@O@erf=\skip51
\f@nch@O@olf=\skip52
\f@nch@O@orf=\skip53
) ("C:\Users\40203\AppData\Local\Programs\MiKTeX 2.9\tex\latex\base\inputenc.sty"
Package: inputenc 2018/04/06 v1.3b Input encoding file
\inpenc@prehook=\toks15
\inpenc@posthook=\toks16
) ("C:\Users\40203\AppData\Local\Programs\MiKTeX 2.9\tex\latex\graphics\graphicx.sty"
Package: graphicx 2017/06/01 v1.1a Enhanced LaTeX Graphics (DPC,SPQR)
 ("C:\Users\40203\AppData\Local\Programs\MiKTeX 2.9\tex\latex\graphics\keyval.sty"
Package: keyval 2014/10/28 v1.15 key=value parser (DPC)
\KV@toks@=\toks17
) ("C:\Users\40203\AppData\Local\Programs\MiKTeX 2.9\tex\latex\graphics\graphics.sty"
Package: graphics 2017/06/25 v1.2c Standard LaTeX Graphics (DPC,SPQR)
 ("C:\Users\40203\AppData\Local\Programs\MiKTeX 2.9\tex\latex\graphics\trig.sty"
Package: trig 2016/01/03 v1.10 sin cos tan (DPC)
) ("C:\Users\40203\AppData\Local\Programs\MiKTeX 2.9\tex\latex\graphics-cfg\graphics.cfg"
File: graphics.cfg 2016/06/04 v1.11 sample graphics configuration
)
Package graphics Info: Driver file: pdftex.def on input line 99.
 ("C:\Users\40203\AppData\Local\Programs\MiKTeX 2.9\tex\latex\graphics-def\pdftex.def"
File: pdftex.def 2018/01/08 v1.0l Graphics/color driver for pdftex
))
\Gin@req@height=\dimen108
\Gin@req@width=\dimen109
) ("C:\Users\40203\AppData\Local\Programs\MiKTeX 2.9\tex\latex\booktabs\booktabs.sty"
Package: booktabs 2005/04/14 v1.61803 publication quality tables
\heavyrulewidth=\dimen110
\lightrulewidth=\dimen111
\cmidrulewidth=\dimen112
\belowrulesep=\dimen113
\belowbottomsep=\dimen114
\aboverulesep=\dimen115
\abovetopsep=\dimen116
\cmidrulesep=\dimen117
\cmidrulekern=\dimen118
\defaultaddspace=\dimen119
\@cmidla=\count88
\@cmidlb=\count89
\@aboverulesep=\dimen120
\@belowrulesep=\dimen121
\@thisruleclass=\count90
\@lastruleclass=\count91
\@thisrulewidth=\dimen122
) ("C:\Users\40203\AppData\Local\Programs\MiKTeX 2.9\tex\latex\tools\array.sty"
Package: array 2018/04/30 v2.4h Tabular extension package (FMi)
\col@sep=\dimen123
\ar@mcellbox=\box27
\extrarowheight=\dimen124
\NC@list=\toks18
\extratabsurround=\skip54
\backup@length=\skip55
\ar@cellbox=\box28
) ("C:\Users\40203\AppData\Local\Programs\MiKTeX 2.9\tex\latex\paralist\paralist.sty"
Package: paralist 2017/01/22 v2.7 Extended list environments
\pltopsep=\skip56
\plpartopsep=\skip57
\plitemsep=\skip58
\plparsep=\skip59
\pl@lab=\toks19
) ("C:\Users\40203\AppData\Local\Programs\MiKTeX 2.9\tex\latex\tools\verbatim.sty"
Package: verbatim 2014/10/28 v1.5q LaTeX2e package for verbatim enhancements
\every@verbatim=\toks20
\verbatim@line=\toks21
\verbatim@in@stream=\read1
) ("C:\Users\40203\AppData\Local\Programs\MiKTeX 2.9\tex\latex\subfig\subfig.sty"
Package: subfig 2005/06/28 ver: 1.3 subfig package
 ("C:\Users\40203\AppData\Local\Programs\MiKTeX 2.9\tex\latex\caption\caption.sty"
Package: caption 2018/10/06 v3.3-154 Customizing captions (AR)
 ("C:\Users\40203\AppData\Local\Programs\MiKTeX 2.9\tex\latex\caption\caption3.sty"
Package: caption3 2018/09/12 v1.8c caption3 kernel (AR)
Package caption3 Info: TeX engine: e-TeX on input line 64.
\captionmargin=\dimen125
\captionmargin@=\dimen126
\captionwidth=\dimen127
\caption@tempdima=\dimen128
\caption@indent=\dimen129
\caption@parindent=\dimen130
\caption@hangindent=\dimen131
)
\c@caption@flags=\count92
\c@ContinuedFloat=\count93
)
\c@KVtest=\count94
\sf@farskip=\skip60
\sf@captopadj=\dimen132
\sf@capskip=\skip61
\sf@nearskip=\skip62
\c@subfigure=\count95
\c@subfigure@save=\count96
\c@lofdepth=\count97
\c@subtable=\count98
\c@subtable@save=\count99
\c@lotdepth=\count100
\sf@top=\skip63
\sf@bottom=\skip64
) ("C:\Users\40203\AppData\Local\Programs\MiKTeX 2.9\tex\latex\appendix\appendix.sty"
Package: appendix 2009/09/02 v1.2b extra appendix facilities
\c@@pps=\count101
\c@@ppsavesec=\count102
\c@@ppsaveapp=\count103
) ("C:\Users\40203\AppData\Local\Programs\MiKTeX 2.9\tex\generic\bibtex\apalike.sty"
\bibhang=\skip65
) (Dissertation.aux)
\openout1 = `Dissertation.aux'.

LaTeX Font Info:    Checking defaults for OML/cmm/m/it on input line 65.
LaTeX Font Info:    ... okay on input line 65.
LaTeX Font Info:    Checking defaults for T1/cmr/m/n on input line 65.
LaTeX Font Info:    ... okay on input line 65.
LaTeX Font Info:    Checking defaults for OT1/cmr/m/n on input line 65.
LaTeX Font Info:    ... okay on input line 65.
LaTeX Font Info:    Checking defaults for OMS/cmsy/m/n on input line 65.
LaTeX Font Info:    ... okay on input line 65.
LaTeX Font Info:    Checking defaults for OMX/cmex/m/n on input line 65.
LaTeX Font Info:    ... okay on input line 65.
LaTeX Font Info:    Checking defaults for U/cmr/m/n on input line 65.
LaTeX Font Info:    ... okay on input line 65.
 ("C:\Users\40203\AppData\Local\Programs\MiKTeX 2.9\tex\context\base\supp-pdf.mkii"
[Loading MPS to PDF converter (version 2006.09.02).]
\scratchcounter=\count104
\scratchdimen=\dimen133
\scratchbox=\box29
\nofMPsegments=\count105
\nofMParguments=\count106
\everyMPshowfont=\toks22
\MPscratchCnt=\count107
\MPscratchDim=\dimen134
\MPnumerator=\count108
\makeMPintoPDFobject=\count109
\everyMPtoPDFconversion=\toks23
) ("C:\Users\40203\AppData\Local\Programs\MiKTeX 2.9\tex\latex\oberdiek\epstopdf-base.sty"
Package: epstopdf-base 2016/05/15 v2.6 Base part for package epstopdf
 ("C:\Users\40203\AppData\Local\Programs\MiKTeX 2.9\tex\generic\oberdiek\infwarerr.sty"
Package: infwarerr 2016/05/16 v1.4 Providing info/warning/error messages (HO)
) ("C:\Users\40203\AppData\Local\Programs\MiKTeX 2.9\tex\latex\oberdiek\grfext.sty"
Package: grfext 2016/05/16 v1.2 Manage graphics extensions (HO)
 ("C:\Users\40203\AppData\Local\Programs\MiKTeX 2.9\tex\generic\oberdiek\kvdefinekeys.sty"
Package: kvdefinekeys 2016/05/16 v1.4 Define keys (HO)
 ("C:\Users\40203\AppData\Local\Programs\MiKTeX 2.9\tex\generic\oberdiek\ltxcmds.sty"
Package: ltxcmds 2016/05/16 v1.23 LaTeX kernel commands for general use (HO)
))) ("C:\Users\40203\AppData\Local\Programs\MiKTeX 2.9\tex\latex\oberdiek\kvoptions.sty"
Package: kvoptions 2016/05/16 v3.12 Key value format for package options (HO)
 ("C:\Users\40203\AppData\Local\Programs\MiKTeX 2.9\tex\generic\oberdiek\kvsetkeys.sty"
Package: kvsetkeys 2016/05/16 v1.17 Key value parser (HO)
 ("C:\Users\40203\AppData\Local\Programs\MiKTeX 2.9\tex\generic\oberdiek\etexcmds.sty"
Package: etexcmds 2016/05/16 v1.6 Avoid name clashes with e-TeX commands (HO)
 ("C:\Users\40203\AppData\Local\Programs\MiKTeX 2.9\tex\generic\oberdiek\ifluatex.sty"
Package: ifluatex 2016/05/16 v1.4 Provides the ifluatex switch (HO)
Package ifluatex Info: LuaTeX not detected.
)
Package etexcmds Info: Could not find \expanded.
(etexcmds)             That can mean that you are not using pdfTeX 1.50 or
(etexcmds)             that some package has redefined \expanded.
(etexcmds)             In the latter case, load this package earlier.
))) ("C:\Users\40203\AppData\Local\Programs\MiKTeX 2.9\tex\generic\oberdiek\pdftexcmds.sty"
Package: pdftexcmds 2018/09/10 v0.29 Utility functions of pdfTeX for LuaTeX (HO)
 ("C:\Users\40203\AppData\Local\Programs\MiKTeX 2.9\tex\generic\oberdiek\ifpdf.sty"
Package: ifpdf 2018/09/07 v3.3 Provides the ifpdf switch
)
Package pdftexcmds Info: LuaTeX not detected.
Package pdftexcmds Info: \pdf@primitive is available.
Package pdftexcmds Info: \pdf@ifprimitive is available.
Package pdftexcmds Info: \pdfdraftmode found.
)
Package epstopdf-base Info: Redefining graphics rule for `.eps' on input line 438.
Package grfext Info: Graphics extension search list:
(grfext)             [.pdf,.png,.jpg,.mps,.jpeg,.jbig2,.jb2,.PDF,.PNG,.JPG,.JPEG,.JBIG2,.JB2,.eps]
(grfext)             \AppendGraphicsExtensions on input line 456.
)
Package caption Info: Begin \AtBeginDocument code.
Package caption Info: subfig package v1.3 is loaded.
Package caption Info: End \AtBeginDocument code.
 (Dissertation-Title.tex
LaTeX Font Info:    External font `cmex10' loaded for size
(Font)              <12> on input line 19.
LaTeX Font Info:    External font `cmex10' loaded for size
(Font)              <8> on input line 19.
LaTeX Font Info:    External font `cmex10' loaded for size
(Font)              <6> on input line 19.
 [1

{C:/Users/40203/AppData/Local/MiKTeX/2.9/pdftex/config/pdftex.map}]) (Dissertation-Dec.tex) [1] (Dissertation-DP.tex) [2] [3] (Dissertation.toc [4])
\tf@toc=\write3
\openout3 = `Dissertation.toc'.

 [5] (Dissertation.lot)
\tf@lot=\write4
\openout4 = `Dissertation.lot'.

 [6] (Dissertation.lof)
\tf@lof=\write5
\openout5 = `Dissertation.lof'.

 [7] [8]

LaTeX Warning: Citation `Dijkstra1959' on page 9 undefined on input line 101.


LaTeX Warning: Citation `Zheng2018' on page 9 undefined on input line 115.

[9]
<./appendicies/TimevsDistanceWeightFactors.png, id=37, 235.63031pt x 246.1697pt>
File: ./appendicies/TimevsDistanceWeightFactors.png Graphic file (type png)
<use ./appendicies/TimevsDistanceWeightFactors.png>
Package pdftex.def Info: ./appendicies/TimevsDistanceWeightFactors.png  used on input line 122.
(pdftex.def)             Requested size: 390.0pt x 407.45084pt.


LaTeX Warning: Citation `Zheng2018' on page 10 undefined on input line 124.


LaTeX Warning: Citation `Zheng2018' on page 10 undefined on input line 127.

[10 <./appendicies/TimevsDistanceWeightFactors.png>]

LaTeX Warning: Citation `DAndrea2017' on page 11 undefined on input line 128.


LaTeX Warning: Citation `Svennerberg2010' on page 11 undefined on input line 131.


Overfull \hbox (0.95984pt too wide) in paragraph at lines 131--132
[]\OT1/cmr/m/n/12 Google maps was in-tro-duced in 2005, rev-o-lu-tion-is-ing the way maps worked
 []


LaTeX Warning: Citation `googleElevation' on page 11 undefined on input line 133.

<./appendicies/googleElevationPath.png, id=43, 644.4075pt x 290.58563pt>
File: ./appendicies/googleElevationPath.png Graphic file (type png)
<use ./appendicies/googleElevationPath.png>
Package pdftex.def Info: ./appendicies/googleElevationPath.png  used on input line 135.
(pdftex.def)             Requested size: 390.0pt x 175.86914pt.

LaTeX Warning: `h' float specifier changed to `ht'.


LaTeX Warning: Citation `TomTomHist' on page 11 undefined on input line 142.

[11]
<./appendicies/TomTomZoom1.png, id=47, 517.18219pt x 405.76593pt>
File: ./appendicies/TomTomZoom1.png Graphic file (type png)
<use ./appendicies/TomTomZoom1.png>
Package pdftex.def Info: ./appendicies/TomTomZoom1.png  used on input line 149.
(pdftex.def)             Requested size: 390.0pt x 305.99539pt.


LaTeX Warning: `h' float specifier changed to `ht'.

[12 <./appendicies/googleElevationPath.png>]

LaTeX Warning: Citation `TomTomLayers' on page 13 undefined on input line 154.

[13 <./appendicies/TomTomZoom1.png>] [14]

LaTeX Warning: Citation `Zheng2018' on pag