\BOOKMARK [1][-]{section.1}{Introduction}{}% 1
\BOOKMARK [2][-]{subsection.1.1}{Background}{section.1}% 2
\BOOKMARK [2][-]{subsection.1.2}{Aims and Objectives}{section.1}% 3
\BOOKMARK [2][-]{subsection.1.3}{Project Scope and Constraints}{section.1}% 4
\BOOKMARK [2][-]{subsection.1.4}{Motivation}{section.1}% 5
\BOOKMARK [2][-]{subsection.1.5}{Report Structure}{section.1}% 6
\BOOKMARK [1][-]{section.2}{Literature Review}{}% 7
\BOOKMARK [2][-]{subsection.2.1}{Introduction}{section.2}% 8
\BOOKMARK [2][-]{subsection.2.2}{Factors affecting the speed of cars on roads}{section.2}% 9
\BOOKMARK [2][-]{subsection.2.3}{Algorithms}{section.2}% 10
\BOOKMARK [3][-]{subsubsection.2.3.1}{Distance-based algorithm versus time-based algorithm}{subsection.2.3}% 11
\BOOKMARK [2][-]{subsection.2.4}{Traffic Data}{section.2}% 12
\BOOKMARK [3][-]{subsubsection.2.4.1}{Traffic States}{subsection.2.4}% 13
\BOOKMARK [2][-]{subsection.2.5}{Conclusion}{section.2}% 14
\BOOKMARK [1][-]{section.3}{Technology Review}{}% 15
\BOOKMARK [2][-]{subsection.3.1}{Introduction}{section.3}% 16
\BOOKMARK [2][-]{subsection.3.2}{Comparison of Technologies}{section.3}% 17
\BOOKMARK [2][-]{subsection.3.3}{Further detail on TomTom Maps}{section.3}% 18
\BOOKMARK [2][-]{subsection.3.4}{Map API}{section.3}% 19
\BOOKMARK [3][-]{subsubsection.3.4.1}{Map tiles}{subsection.3.4}% 20
\BOOKMARK [3][-]{subsubsection.3.4.2}{Map layers}{subsection.3.4}% 21
\BOOKMARK [2][-]{subsection.3.5}{Routing API}{section.3}% 22
\BOOKMARK [2][-]{subsection.3.6}{Traffic API}{section.3}% 23
\BOOKMARK [3][-]{subsubsection.3.6.1}{Search API}{subsection.3.6}% 24
\BOOKMARK [2][-]{subsection.3.7}{OpenStreetMap}{section.3}% 25
\BOOKMARK [3][-]{subsubsection.3.7.1}{Graphhopper}{subsection.3.7}% 26
\BOOKMARK [2][-]{subsection.3.8}{Google Maps}{section.3}% 27
\BOOKMARK [3][-]{subsubsection.3.8.1}{Google Maps Elevation API}{subsection.3.8}% 28
\BOOKMARK [2][-]{subsection.3.9}{Conclusion}{section.3}% 29
\BOOKMARK [1][-]{section.4}{Methodology and Design}{}% 30
\BOOKMARK [2][-]{subsection.4.1}{Introduction}{section.4}% 31
\BOOKMARK [2][-]{subsection.4.2}{Preparation for Development}{section.4}% 32
\BOOKMARK [3][-]{subsubsection.4.2.1}{Model 1: MoSCoW method \(Must, Should, Could, Would\)}{subsection.4.2}% 33
\BOOKMARK [3][-]{subsubsection.4.2.2}{Model 2: Sprint Backlog}{subsection.4.2}% 34
\BOOKMARK [3][-]{subsubsection.4.2.3}{Model 3: Flow Diagram}{subsection.4.2}% 35
\BOOKMARK [2][-]{subsection.4.3}{Set up of Android Development Process}{section.4}% 36
\BOOKMARK [3][-]{subsubsection.4.3.1}{Targeted versions}{subsection.4.3}% 37
\BOOKMARK [3][-]{subsubsection.4.3.2}{Implementation of the User Interface}{subsection.4.3}% 38
\BOOKMARK [3][-]{subsubsection.4.3.3}{Path-finding and implementing Dijkstra}{subsection.4.3}% 39
\BOOKMARK [3][-]{subsubsection.4.3.4}{Finding Edges for Dijkstra}{subsection.4.3}% 40
\BOOKMARK [3][-]{subsubsection.4.3.5}{Optimisation}{subsection.4.3}% 41
\BOOKMARK [3][-]{subsubsection.4.3.6}{Database Integration}{subsection.4.3}% 42
\BOOKMARK [3][-]{subsubsection.4.3.7}{Testing the application}{subsection.4.3}% 43
\BOOKMARK [3][-]{subsubsection.4.3.8}{Evaluating the application}{subsection.4.3}% 44
\BOOKMARK [2][-]{subsection.4.4}{Conclusion}{section.4}% 45
\BOOKMARK [1][-]{section.5}{Results}{}% 46
\BOOKMARK [2][-]{subsection.5.1}{Introduction}{section.5}% 47
\BOOKMARK [2][-]{subsection.5.2}{Test 1}{section.5}% 48
\BOOKMARK [2][-]{subsection.5.3}{Test 2}{section.5}% 49
\BOOKMARK [2][-]{subsection.5.4}{Findings from Tests 1 and 2}{section.5}% 50
\BOOKMARK [2][-]{subsection.5.5}{Optimisation changes going into the second set of tests}{section.5}% 51
\BOOKMARK [2][-]{subsection.5.6}{Test 3}{section.5}% 52
\BOOKMARK [2][-]{subsection.5.7}{Test 4}{section.5}% 53
\BOOKMARK [2][-]{subsection.5.8}{Test 5}{section.5}% 54
\BOOKMARK [2][-]{subsection.5.9}{Test 6}{section.5}% 55
\BOOKMARK [2][-]{subsection.5.10}{Test 7}{section.5}% 56
\BOOKMARK [2][-]{subsection.5.11}{Conclusion}{section.5}% 57
\BOOKMARK [1][-]{section.6}{Evaluation}{}% 58
\BOOKMARK [2][-]{subsection.6.1}{Introduction}{section.6}% 59
\BOOKMARK [2][-]{subsection.6.2}{Achievements and Difficulties}{section.6}% 60
\BOOKMARK [3][-]{subsubsection.6.2.1}{Problems and Solutions in Implementing Dijkstra}{subsection.6.2}% 61
\BOOKMARK [3][-]{subsubsection.6.2.2}{Problems with Finding Distances for the Dijkstra Algorithm}{subsection.6.2}% 62
\BOOKMARK [3][-]{subsubsection.6.2.3}{Compilation Time Problem}{subsection.6.2}% 63
\BOOKMARK [3][-]{subsubsection.6.2.4}{The getuserlocation\(\) Programming Method Problem}{subsection.6.2}% 64
\BOOKMARK [3][-]{subsubsection.6.2.5}{Achievements}{subsection.6.2}% 65
\BOOKMARK [2][-]{subsection.6.3}{Project Aims and Objectives}{section.6}% 66
\BOOKMARK [2][-]{subsection.6.4}{Conclusion}{section.6}% 67
\BOOKMARK [1][-]{section.7}{Conclusions and Future Work}{}% 68
\BOOKMARK [2][-]{subsection.7.1}{Conclusions}{section.7}% 69
\BOOKMARK [2][-]{subsection.7.2}{Future Work}{section.7}% 70
\BOOKMARK [3][-]{subsubsection.7.2.1}{Solving the getuserlocation\(\) Programming Method Problem}{subsection.7.2}% 71
\BOOKMARK [3][-]{subsubsection.7.2.2}{The use of Traffic Data}{subsection.7.2}% 72
\BOOKMARK [3][-]{subsubsection.7.2.3}{The Use of Contextual Awareness}{subsection.7.2}% 73
\BOOKMARK [1][-]{section*.59}{Appendices}{}% 74
\BOOKMARK [1][-]{Appendix.a.A}{Project Overview}{}% 75
\BOOKMARK [1][-]{Appendix.a.B}{Week 9 interim report}{}% 76
\BOOKMARK [1][-]{Appendix.a.C}{Diary Sheets \(or other project management evidence\)}{}% 77
\BOOKMARK [1][-]{Appendix.a.D}{MoSCoW Method}{}% 78
\BOOKMARK [1][-]{Appendix.a.E}{Sprint Backlog}{}% 79
\BOOKMARK [1][-]{Appendix.a.F}{Project Flow Diagram}{}% 80
\BOOKMARK [1][-]{Appendix.a.G}{Find edges for Dijkstra}{}% 81
